2023-07-13 22:27:33,243 [INFO] Activator:176 - 


2023-07-13 22:27:33,244 [INFO] Activator:177 - !SESSION log4j initialized
2023-07-13 22:27:35,046 [INFO] LogOutputStream:77 - [STDOUT_REDIRECT] 
2023-07-13 22:27:36,090 [INFO] ApplicationProperties:184 - Using Application install path: C:\ST\STM32CubeIDE_1.13.0\STM32CubeIDE\plugins\com.st.stm32cube.common.mx_6.9.0.202307051724
2023-07-13 22:27:36,101 [INFO] DbMcusXml:78 - Set database path to: C:\ST\STM32CubeIDE_1.13.0\STM32CubeIDE\plugins\com.st.stm32cube.common.mx_6.9.0.202307051724\\db\/mcu/
2023-07-13 22:27:36,102 [INFO] ApiDb:274 - Set plugin database path to: C:\ST\STM32CubeIDE_1.13.0\STM32CubeIDE\plugins\com.st.stm32cube.common.mx_6.9.0.202307051724\\db\/plugins/boardmanager/
2023-07-13 22:27:36,102 [WARN] ApiDb:259 - Overriding images path with different value:  => C:\ST\STM32CubeIDE_1.13.0\STM32CubeIDE\plugins\com.st.stm32cube.common.mx_6.9.0.202307051724\\db\/plugins/mcufinder/images/
2023-07-13 22:27:36,107 [INFO] ApiDb:250 - Set database path to: C:\Users\hasre\.stmcufinder\plugins\mcufinder//mcu/
2023-07-13 22:27:36,108 [INFO] DbMcusAds:125 - Set database path to: C:\Users\hasre\.stmcufinder\plugins\mcufinder//mcu/
2023-07-13 22:27:36,109 [INFO] CrossReferenceDbSqlite:203 - Set database path to: C:\Users\hasre\.stmcufinder\plugins\mcufinder//mcu/cs/
2023-07-13 22:27:36,168 [INFO] RulesReader:64 - Compatibility file has been processed (293 Rules)
2023-07-13 22:27:36,210 [INFO] DbMcusXml:78 - Set database path to: C:\ST\STM32CubeIDE_1.13.0\STM32CubeIDE\plugins\com.st.stm32cube.common.mx_6.9.0.202307051724\\db\/mcu/
2023-07-13 22:27:36,210 [INFO] ApiDb:274 - Set plugin database path to: C:\ST\STM32CubeIDE_1.13.0\STM32CubeIDE\plugins\com.st.stm32cube.common.mx_6.9.0.202307051724\\db\/plugins/boardmanager/
2023-07-13 22:27:36,210 [INFO] ApiDb:261 - Set plugin images path to: C:\ST\STM32CubeIDE_1.13.0\STM32CubeIDE\plugins\com.st.stm32cube.common.mx_6.9.0.202307051724\\db\/plugins/mcufinder/images/
2023-07-13 22:27:36,210 [WARN] DbFile:41 - Overriding database path with different value: C:\Users\hasre\.stmcufinder\plugins\mcufinder/ => C:\Users\hasre\.stmcufinder\plugins\mcufinder
2023-07-13 22:27:36,210 [INFO] ApiDb:250 - Set database path to: C:\Users\hasre\.stmcufinder\plugins\mcufinder//mcu/
2023-07-13 22:27:36,210 [WARN] DbFile:41 - Overriding database path with different value: C:\Users\hasre\.stmcufinder\plugins\mcufinder/ => C:\Users\hasre\.stmcufinder\plugins\mcufinder
2023-07-13 22:27:36,210 [INFO] DbMcusAds:125 - Set database path to: C:\Users\hasre\.stmcufinder\plugins\mcufinder//mcu/
2023-07-13 22:27:36,210 [WARN] DbFile:41 - Overriding database path with different value: C:\Users\hasre\.stmcufinder\plugins\mcufinder/ => C:\Users\hasre\.stmcufinder\plugins\mcufinder
2023-07-13 22:27:36,210 [WARN] DbFile:41 - Overriding database path with different value: C:\Users\hasre\.stmcufinder\plugins\mcufinder/ => C:\Users\hasre\.stmcufinder\plugins\mcufinder
2023-07-13 22:27:36,211 [INFO] CrossReferenceDbSqlite:203 - Set database path to: C:\Users\hasre\.stmcufinder\plugins\mcufinder//mcu/cs/
2023-07-13 22:27:36,252 [INFO] MainPanel:262 - HeapMemory: 268435456
2023-07-13 22:27:36,294 [INFO] DbMcusXml:78 - Set database path to: C:\ST\STM32CubeIDE_1.13.0\STM32CubeIDE\plugins\com.st.stm32cube.common.mx_6.9.0.202307051724\\db\/mcu/
2023-07-13 22:27:36,294 [INFO] ApiDb:274 - Set plugin database path to: C:\ST\STM32CubeIDE_1.13.0\STM32CubeIDE\plugins\com.st.stm32cube.common.mx_6.9.0.202307051724\\db\/plugins/boardmanager/
2023-07-13 22:27:36,295 [INFO] ApiDb:261 - Set plugin images path to: C:\ST\STM32CubeIDE_1.13.0\STM32CubeIDE\plugins\com.st.stm32cube.common.mx_6.9.0.202307051724\\db\/plugins/mcufinder/images/
2023-07-13 22:27:36,295 [WARN] DbFile:41 - Overriding database path with different value: C:\Users\hasre\.stmcufinder\plugins\mcufinder/ => C:\Users\hasre\.stmcufinder\plugins\mcufinder
2023-07-13 22:27:36,295 [INFO] ApiDb:250 - Set database path to: C:\Users\hasre\.stmcufinder\plugins\mcufinder//mcu/
2023-07-13 22:27:36,295 [WARN] DbFile:41 - Overriding database path with different value: C:\Users\hasre\.stmcufinder\plugins\mcufinder/ => C:\Users\hasre\.stmcufinder\plugins\mcufinder
2023-07-13 22:27:36,295 [INFO] DbMcusAds:125 - Set database path to: C:\Users\hasre\.stmcufinder\plugins\mcufinder//mcu/
2023-07-13 22:27:36,295 [WARN] DbFile:41 - Overriding database path with different value: C:\Users\hasre\.stmcufinder\plugins\mcufinder/ => C:\Users\hasre\.stmcufinder\plugins\mcufinder
2023-07-13 22:27:36,295 [WARN] DbFile:41 - Overriding database path with different value: C:\Users\hasre\.stmcufinder\plugins\mcufinder/ => C:\Users\hasre\.stmcufinder\plugins\mcufinder
2023-07-13 22:27:36,295 [INFO] CrossReferenceDbSqlite:203 - Set database path to: C:\Users\hasre\.stmcufinder\plugins\mcufinder//mcu/cs/
2023-07-13 22:27:36,305 [INFO] ApplicationProperties:184 - Using Application install path: C:\ST\STM32CubeIDE_1.13.0\STM32CubeIDE\plugins\com.st.stm32cube.common.mx_6.9.0.202307051724
2023-07-13 22:27:36,306 [INFO] PluginManage:196 - Search for loadable plugins [exclusion list=, ]
2023-07-13 22:27:36,307 [INFO] PluginManage:310 - Check plugin analytics
2023-07-13 22:27:36,396 [INFO] AnalyticsPlugin:253 - Accepted Software Licenses: STM32CubeMX.6.5.0
2023-07-13 22:27:36,396 [INFO] AnalyticsPlugin:255 - Accepted CMSIS Pack Licenses: 
2023-07-13 22:27:36,397 [INFO] AnalyticsPlugin:257 - Accepted Firmware Licenses: FW.F4.1.27.0
2023-07-13 22:27:36,398 [INFO] PluginManage:359 - Loaded plugin analytics (category:tool,tabindex:-1)
2023-07-13 22:27:36,399 [INFO] PluginManage:310 - Check plugin cadmodel
2023-07-13 22:27:36,401 [INFO] CADModel:105 - Init CAD model plugin
2023-07-13 22:27:36,401 [INFO] PluginManage:359 - Loaded plugin cadmodel (category:power,tabindex:5)
2023-07-13 22:27:36,401 [INFO] PluginManage:310 - Check plugin clock
2023-07-13 22:27:36,407 [INFO] PluginManage:359 - Loaded plugin clock (category:base,tabindex:2)
2023-07-13 22:27:36,407 [INFO] PluginManage:310 - Check plugin ddr
2023-07-13 22:27:36,408 [INFO] PluginManage:359 - Loaded plugin ddr (category:tool,tabindex:6)
2023-07-13 22:27:36,408 [INFO] PluginManage:310 - Check plugin filemanager
2023-07-13 22:27:36,489 [INFO] PluginManage:359 - Loaded plugin filemanager (category:base,tabindex:10)
2023-07-13 22:27:36,489 [INFO] PluginManage:310 - Check plugin ipmanager
2023-07-13 22:27:36,494 [INFO] PluginManage:359 - Loaded plugin ipmanager (category:base,tabindex:5)
2023-07-13 22:27:36,494 [INFO] PluginManage:310 - Check plugin lpbam
2023-07-13 22:27:36,500 [INFO] PluginManage:359 - Loaded plugin lpbam (category:base,tabindex:0)
2023-07-13 22:27:36,500 [INFO] PluginManage:310 - Check plugin memorymap
2023-07-13 22:27:36,507 [INFO] PluginManage:359 - Loaded plugin memorymap (category:base,tabindex:4)
2023-07-13 22:27:36,507 [INFO] PluginManage:310 - Check plugin pinoutandconfiguration
2023-07-13 22:27:36,511 [INFO] PluginManage:359 - Loaded plugin pinoutandconfiguration (category:base,tabindex:1)
2023-07-13 22:27:36,511 [INFO] PluginManage:310 - Check plugin pinoutconfig
2023-07-13 22:27:36,585 [WARN] SupportedApi:132 - Cannot load RTOS API schema: s4s-elt-must-match.1: The content of 'definitions' must match (annotation?, (simpleType | complexType)?, (unique | key | keyref)*)). A problem was found starting at: attribute.
2023-07-13 22:27:36,667 [INFO] PluginManage:359 - Loaded plugin pinoutconfig (category:base,tabindex:0)
2023-07-13 22:27:36,667 [INFO] PluginManage:310 - Check plugin power
2023-07-13 22:27:36,672 [INFO] PluginManage:359 - Loaded plugin power (category:power,tabindex:4)
2023-07-13 22:27:36,673 [INFO] PluginManage:310 - Check plugin projectmanager
2023-07-13 22:27:36,681 [INFO] PluginManage:359 - Loaded plugin projectmanager (category:projectmanager,tabindex:3)
2023-07-13 22:27:36,681 [INFO] PluginManage:310 - Check plugin thirdparty
2023-07-13 22:27:36,751 [INFO] PluginManage:359 - Loaded plugin thirdparty (category:base,tabindex:-1)
2023-07-13 22:27:36,752 [INFO] PluginManage:310 - Check plugin tools
2023-07-13 22:27:36,751 [WARN] IntegrityCheckThread:84 - waiting for thirdparty lock release [integrity check]
2023-07-13 22:27:36,752 [INFO] IntegrityCheckThread:86 - entering critical section [integrity check]
2023-07-13 22:27:36,752 [INFO] ThirdPartyUpdaterWithRetryManager:70 - Updater plugin not ready yet. [1/15]
2023-07-13 22:27:36,753 [INFO] PluginManage:359 - Loaded plugin tools (category:base,tabindex:7)
2023-07-13 22:27:36,753 [INFO] PluginManage:310 - Check plugin tutovideos
2023-07-13 22:27:36,845 [INFO] PluginManage:359 - Loaded plugin tutovideos (category:base,tabindex:-1)
2023-07-13 22:27:36,845 [INFO] PluginManage:310 - Check plugin updater
2023-07-13 22:27:36,851 [INFO] PluginManage:359 - Loaded plugin updater (category:base,tabindex:12)
2023-07-13 22:27:36,851 [INFO] PluginManage:310 - Check plugin userauth
2023-07-13 22:27:36,854 [INFO] UserAuth:113 - Init User Auth plugin
2023-07-13 22:27:36,854 [INFO] PluginManage:359 - Loaded plugin userauth (category:base,tabindex:14)
2023-07-13 22:27:36,854 [INFO] PluginManage:283 - PluginManage : Loaded plugins [17]
2023-07-13 22:27:36,972 [INFO] PinOutPanel:1499 - setPackage(No Configuration,No Configuration)
2023-07-13 22:27:37,030 [INFO] CADModel:165 - CPN selected for project level
2023-07-13 22:27:37,031 [INFO] CADModel:114 - Register for checkConnection events
2023-07-13 22:27:37,041 [INFO] IPUIPlugin:80 - create IPUIPlugin
2023-07-13 22:27:37,041 [INFO] PluginManager:220 - loadIPPluginJar : add adc
2023-07-13 22:27:37,042 [INFO] IPUIPlugin:80 - create IPUIPlugin
2023-07-13 22:27:37,042 [INFO] PluginManager:220 - loadIPPluginJar : add aes
2023-07-13 22:27:37,044 [INFO] IPUIPlugin:80 - create IPUIPlugin
2023-07-13 22:27:37,044 [INFO] PluginManager:220 - loadIPPluginJar : add can
2023-07-13 22:27:37,045 [INFO] IPUIPlugin:80 - create IPUIPlugin
2023-07-13 22:27:37,045 [INFO] PluginManager:220 - loadIPPluginJar : add comp
2023-07-13 22:27:37,046 [INFO] IPUIPlugin:80 - create IPUIPlugin
2023-07-13 22:27:37,046 [INFO] PluginManager:220 - loadIPPluginJar : add cryp
2023-07-13 22:27:37,047 [INFO] IPUIPlugin:80 - create IPUIPlugin
2023-07-13 22:27:37,047 [INFO] PluginManager:220 - loadIPPluginJar : add dfsdm
2023-07-13 22:27:37,050 [INFO] IPUIPlugin:80 - create IPUIPlugin
2023-07-13 22:27:37,051 [INFO] PluginManager:220 - loadIPPluginJar : add dma
2023-07-13 22:27:37,052 [INFO] IPUIPlugin:80 - create IPUIPlugin
2023-07-13 22:27:37,052 [INFO] PluginManager:220 - loadIPPluginJar : add dma3
2023-07-13 22:27:37,053 [INFO] IPUIPlugin:80 - create IPUIPlugin
2023-07-13 22:27:37,053 [INFO] PluginManager:220 - loadIPPluginJar : add fatfs
2023-07-13 22:27:37,055 [INFO] IPUIPlugin:80 - create IPUIPlugin
2023-07-13 22:27:37,055 [INFO] PluginManager:220 - loadIPPluginJar : add fmc
2023-07-13 22:27:37,058 [INFO] IPUIPlugin:80 - create IPUIPlugin
2023-07-13 22:27:37,058 [INFO] PluginManager:220 - loadIPPluginJar : add freertos
2023-07-13 22:27:37,059 [INFO] IPUIPlugin:80 - create IPUIPlugin
2023-07-13 22:27:37,059 [INFO] PluginManager:220 - loadIPPluginJar : add genericplugin
2023-07-13 22:27:37,060 [INFO] IPUIPlugin:80 - create IPUIPlugin
2023-07-13 22:27:37,060 [INFO] PluginManager:220 - loadIPPluginJar : add gfxmmu
2023-07-13 22:27:37,063 [INFO] IPUIPlugin:80 - create IPUIPlugin
2023-07-13 22:27:37,063 [INFO] PluginManager:220 - loadIPPluginJar : add gic
2023-07-13 22:27:37,065 [INFO] IPUIPlugin:80 - create IPUIPlugin
2023-07-13 22:27:37,065 [INFO] PluginManager:220 - loadIPPluginJar : add gpio
2023-07-13 22:27:37,067 [INFO] IPUIPlugin:80 - create IPUIPlugin
2023-07-13 22:27:37,067 [INFO] PluginManager:220 - loadIPPluginJar : add gtzc
2023-07-13 22:27:37,068 [INFO] IPUIPlugin:80 - create IPUIPlugin
2023-07-13 22:27:37,068 [INFO] PluginManager:220 - loadIPPluginJar : add hash
2023-07-13 22:27:37,069 [INFO] IPUIPlugin:80 - create IPUIPlugin
2023-07-13 22:27:37,069 [INFO] PluginManager:220 - loadIPPluginJar : add i2c
2023-07-13 22:27:37,070 [INFO] IPUIPlugin:80 - create IPUIPlugin
2023-07-13 22:27:37,070 [INFO] PluginManager:220 - loadIPPluginJar : add i2s
2023-07-13 22:27:37,072 [INFO] IPUIPlugin:80 - create IPUIPlugin
2023-07-13 22:27:37,072 [INFO] PluginManager:220 - loadIPPluginJar : add i3c
2023-07-13 22:27:37,074 [INFO] IPUIPlugin:80 - create IPUIPlugin
2023-07-13 22:27:37,074 [INFO] PluginManager:220 - loadIPPluginJar : add ipddr
2023-07-13 22:27:37,078 [INFO] IPUIPlugin:80 - create IPUIPlugin
2023-07-13 22:27:37,078 [INFO] PluginManager:220 - loadIPPluginJar : add linkedlist
2023-07-13 22:27:37,080 [INFO] IPUIPlugin:80 - create IPUIPlugin
2023-07-13 22:27:37,080 [INFO] PluginManager:220 - loadIPPluginJar : add lorawan
2023-07-13 22:27:37,081 [INFO] IPUIPlugin:80 - create IPUIPlugin
2023-07-13 22:27:37,081 [INFO] PluginManager:220 - loadIPPluginJar : add ltdc
2023-07-13 22:27:37,085 [INFO] IPUIPlugin:80 - create IPUIPlugin
2023-07-13 22:27:37,085 [INFO] PluginManager:220 - loadIPPluginJar : add mdma
2023-07-13 22:27:37,087 [INFO] IPUIPlugin:80 - create IPUIPlugin
2023-07-13 22:27:37,087 [INFO] PluginManager:220 - loadIPPluginJar : add nvic
2023-07-13 22:27:37,088 [INFO] IPUIPlugin:80 - create IPUIPlugin
2023-07-13 22:27:37,088 [INFO] PluginManager:220 - loadIPPluginJar : add opamp
2023-07-13 22:27:37,090 [INFO] IPUIPlugin:80 - create IPUIPlugin
2023-07-13 22:27:37,090 [INFO] PluginManager:220 - loadIPPluginJar : add openamp
2023-07-13 22:27:37,091 [INFO] IPUIPlugin:80 - create IPUIPlugin
2023-07-13 22:27:37,091 [INFO] PluginManager:220 - loadIPPluginJar : add pdm2pcm
2023-07-13 22:27:37,095 [INFO] IPUIPlugin:80 - create IPUIPlugin
2023-07-13 22:27:37,097 [INFO] PluginManager:220 - loadIPPluginJar : add plateformsettings
2023-07-13 22:27:37,098 [INFO] IPUIPlugin:80 - create IPUIPlugin
2023-07-13 22:27:37,098 [INFO] PluginManager:220 - loadIPPluginJar : add quadspi
2023-07-13 22:27:37,100 [INFO] IPUIPlugin:80 - create IPUIPlugin
2023-07-13 22:27:37,100 [INFO] PluginManager:220 - loadIPPluginJar : add resmgrutility
2023-07-13 22:27:37,101 [INFO] IPUIPlugin:80 - create IPUIPlugin
2023-07-13 22:27:37,101 [INFO] PluginManager:220 - loadIPPluginJar : add sai
2023-07-13 22:27:37,103 [INFO] IPUIPlugin:80 - create IPUIPlugin
2023-07-13 22:27:37,103 [INFO] PluginManager:220 - loadIPPluginJar : add spi
2023-07-13 22:27:37,105 [INFO] IPUIPlugin:80 - create IPUIPlugin
2023-07-13 22:27:37,105 [INFO] PluginManager:220 - loadIPPluginJar : add stm32_wpan
2023-07-13 22:27:37,106 [INFO] IPUIPlugin:80 - create IPUIPlugin
2023-07-13 22:27:37,106 [INFO] PluginManager:220 - loadIPPluginJar : add tim
2023-07-13 22:27:37,108 [INFO] IPUIPlugin:80 - create IPUIPlugin
2023-07-13 22:27:37,108 [INFO] PluginManager:220 - loadIPPluginJar : add touchsensing
2023-07-13 22:27:37,109 [INFO] IPUIPlugin:80 - create IPUIPlugin
2023-07-13 22:27:37,109 [INFO] PluginManager:220 - loadIPPluginJar : add tracer_emb
2023-07-13 22:27:37,110 [INFO] IPUIPlugin:80 - create IPUIPlugin
2023-07-13 22:27:37,110 [INFO] PluginManager:220 - loadIPPluginJar : add ts
2023-07-13 22:27:37,111 [INFO] IPUIPlugin:80 - create IPUIPlugin
2023-07-13 22:27:37,111 [INFO] PluginManager:220 - loadIPPluginJar : add tsc
2023-07-13 22:27:37,112 [INFO] IPUIPlugin:80 - create IPUIPlugin
2023-07-13 22:27:37,112 [INFO] PluginManager:220 - loadIPPluginJar : add ucpd
2023-07-13 22:27:37,114 [INFO] IPUIPlugin:80 - create IPUIPlugin
2023-07-13 22:27:37,114 [INFO] PluginManager:220 - loadIPPluginJar : add usart
2023-07-13 22:27:37,115 [INFO] IPUIPlugin:80 - create IPUIPlugin
2023-07-13 22:27:37,115 [INFO] PluginManager:220 - loadIPPluginJar : add usbx
2023-07-13 22:27:37,218 [INFO] CADModel:165 - CPN selected for project level
2023-07-13 22:27:37,218 [INFO] CADModel:114 - Register for checkConnection events
2023-07-13 22:27:37,219 [FATAL] Updater:308 - Updater called before beeing initialized
2023-07-13 22:27:37,219 [ERROR] CADModel:125 - Updater not yet initialized, retry later 
2023-07-13 22:27:37,295 [INFO] CADModel:165 - CPN selected for project level
2023-07-13 22:27:37,295 [INFO] CADModel:114 - Register for checkConnection events
2023-07-13 22:27:37,296 [FATAL] Updater:308 - Updater called before beeing initialized
2023-07-13 22:27:37,296 [ERROR] CADModel:125 - Updater not yet initialized, retry later 
2023-07-13 22:27:37,298 [FATAL] Updater:308 - Updater called before beeing initialized
2023-07-13 22:27:37,355 [FATAL] Updater:308 - Updater called before beeing initialized
2023-07-13 22:27:37,359 [INFO] DbMcusAds:53 - JSON generation date=Tue Mar 07 11:50:54 TRT 2023 (1678179054945)
2023-07-13 22:27:37,359 [FATAL] Updater:308 - Updater called before beeing initialized
2023-07-13 22:27:37,384 [WARN] DetailPanel:346 - Failed to get advertising image, set to default
2023-07-13 22:27:37,447 [FATAL] Updater:308 - Updater called before beeing initialized
2023-07-13 22:27:37,448 [FATAL] Updater:308 - Updater called before beeing initialized
2023-07-13 22:27:37,448 [FATAL] Updater:308 - Updater called before beeing initialized
2023-07-13 22:27:37,448 [WARN] DetailPanel:346 - Failed to get advertising image, set to default
2023-07-13 22:27:37,449 [FATAL] Updater:308 - Updater called before beeing initialized
2023-07-13 22:27:37,474 [ERROR] Updater:1120 - MainUpdater not yet initialized. External WinMGr cannot be set.
2023-07-13 22:27:37,475 [INFO] Updater:1056 - Updater Version found : 6.9.0
2023-07-13 22:27:37,487 [INFO] ApplicationProperties:184 - Using Application install path: C:\ST\STM32CubeIDE_1.13.0\STM32CubeIDE\plugins\com.st.stm32cube.common.mx_6.9.0.202307051724
2023-07-13 22:27:37,633 [INFO] MainUpdater:2868 - connection check result : 10
2023-07-13 22:27:37,634 [INFO] MainUpdater:285 - Updater Check For Update Now.
2023-07-13 22:27:37,634 [INFO] MicroXplorer:498 - Change Database Version : DB.6.0.90
2023-07-13 22:27:37,638 [INFO] McuFinderGlobals:63 - Set McuFinder mode to 2 (CubeIDE integrated)
2023-07-13 22:27:37,638 [INFO] UserAuth:179 - activating auth plugin
2023-07-13 22:27:37,640 [INFO] UserAuth:393 - Internet connection configuration mode: 1
2023-07-13 22:27:37,652 [INFO] JxBrowserEngine:151 - Initiate JxBrowser Engine with user profile folder
2023-07-13 22:27:37,779 [INFO] CheckServerUpdateThread:120 - End of CheckServer Thread
2023-07-13 22:27:38,011 [INFO] WebApp:157 - Instantiating new browser for Auth
2023-07-13 22:27:38,309 [INFO] WebApp:753 - Register for checkConnection events
2023-07-13 22:27:38,309 [INFO] WebApp:390 - Apply proxy settings
2023-07-13 22:27:38,309 [INFO] WebApp:475 - Chromium requires no authentication
2023-07-13 22:27:38,313 [INFO] WebApp:418 - Direct internet connection detected
2023-07-13 22:27:38,392 [INFO] WebApp:188 - Starting web application
2023-07-13 22:27:38,392 [INFO] WebApp:520 - Web application path used C:\ST\STM32CubeIDE_1.13.0\STM32CubeIDE\plugins\com.st.stm32cube.common.mx_6.9.0.202307051724\db\plugins\mcufinder\reactClient1\index.html
2023-07-13 22:27:39,837 [WARN] PackLoader:240 - Cannot read IP mode file for wolfSSL.I-CUBE-wolfSSL.5.2.0
2023-07-13 22:27:39,845 [WARN] PackLoader:240 - Cannot read IP mode file for STMicroelectronics.X-CUBE-GNSS1.6.0.0
2023-07-13 22:27:39,865 [WARN] PackLoader:240 - Cannot read IP mode file for STMicroelectronics.X-CUBE-AZRTOS-F4.1.1.0
2023-07-13 22:27:39,875 [WARN] PackLoader:240 - Cannot read IP mode file for STMicroelectronics.X-CUBE-SMBUS.2.1.0
2023-07-13 22:27:39,919 [WARN] PackLoader:240 - Cannot read IP mode file for STMicroelectronics.X-CUBE-MEMS1.9.2.0
2023-07-13 22:27:40,070 [WARN] PackLoader:240 - Cannot read IP mode file for STMicroelectronics.X-CUBE-AZRTOS-F7.1.1.0
2023-07-13 22:27:40,130 [WARN] PackLoader:240 - Cannot read IP mode file for STMicroelectronics.X-CUBE-MEMS1.9.6.0
2023-07-13 22:27:40,221 [WARN] PackLoader:240 - Cannot read IP mode file for STMicroelectronics.X-CUBE-AI.7.1.0
2023-07-13 22:27:40,228 [WARN] PackLoader:240 - Cannot read IP mode file for STMicroelectronics.X-CUBE-TOUCHGFX.4.19.1
2023-07-13 22:27:40,232 [WARN] PackLoader:240 - Cannot read IP mode file for STMicroelectronics.FP-SNS-MOTENV1.4.3.2
2023-07-13 22:27:40,237 [WARN] PackLoader:240 - Cannot read IP mode file for STMicroelectronics.FP-SNS-FLIGHT1.5.0.1
2023-07-13 22:27:40,242 [WARN] PackLoader:240 - Cannot read IP mode file for STMicroelectronics.X-CUBE-BLE1.6.2.3
2023-07-13 22:27:40,245 [WARN] PackLoader:240 - Cannot read IP mode file for STMicroelectronics.X-CUBE-BLE1.6.2.4
2023-07-13 22:27:40,254 [WARN] PackLoader:240 - Cannot read IP mode file for STMicroelectronics.X-CUBE-BLEMGR.2.0.0
2023-07-13 22:27:40,263 [WARN] PackLoader:240 - Cannot read IP mode file for STMicroelectronics.X-CUBE-NFC4.2.0.4
2023-07-13 22:27:40,269 [WARN] PackLoader:240 - Cannot read IP mode file for STMicroelectronics.X-CUBE-BLE2.3.2.2
2023-07-13 22:27:40,275 [WARN] PackLoader:240 - Cannot read IP mode file for STMicroelectronics.X-CUBE-NFC4.2.0.3
2023-07-13 22:27:40,290 [WARN] ConditionMgr:438 - getConditionDescription Invalid condition id : UX DEVICE CLASS RTOS Condition cause : null
2023-07-13 22:27:40,291 [WARN] ConditionMgr:438 - getConditionDescription Invalid condition id : UX DEVICE CLASS RTOS Condition cause : null
2023-07-13 22:27:40,294 [WARN] PackLoader:240 - Cannot read IP mode file for STMicroelectronics.X-CUBE-AZRTOS-H7.3.1.0
2023-07-13 22:27:40,295 [WARN] ConditionMgr:1039 - genDependencies : Invalid condition id : UX DEVICE CLASS RTOS Condition cause : null
2023-07-13 22:27:40,295 [WARN] ConditionMgr:1039 - genDependencies : Invalid condition id : UX DEVICE CLASS RTOS Condition cause : null
2023-07-13 22:27:40,296 [WARN] ConditionMgr:1039 - genDependencies : Invalid condition id : UX DEVICE CLASS RTOS Condition cause : null
2023-07-13 22:27:40,297 [WARN] ConditionMgr:1039 - genDependencies : Invalid condition id : UX DEVICE CLASS RTOS Condition cause : null
2023-07-13 22:27:40,297 [WARN] ConditionMgr:1039 - genDependencies : Invalid condition id : UX DEVICE CLASS RTOS Condition cause : null
2023-07-13 22:27:40,303 [WARN] PackLoader:240 - Cannot read IP mode file for STMicroelectronics.X-CUBE-TOUCHGFX.4.19.0
2023-07-13 22:27:40,310 [WARN] PackLoader:240 - Cannot read IP mode file for STMicroelectronics.X-CUBE-SFXS2LP1.3.1.0
2023-07-13 22:27:40,321 [WARN] PackLoader:240 - Cannot read IP mode file for STMicroelectronics.X-CUBE-DISPLAY.3.0.0
2023-07-13 22:27:40,336 [WARN] PackLoader:240 - Cannot read IP mode file for STMicroelectronics.X-CUBE-AZRTOS-F4.1.0.0
2023-07-13 22:27:40,342 [WARN] PackLoader:240 - Cannot read IP mode file for STMicroelectronics.X-CUBE-TOUCHGFX.4.22.0
2023-07-13 22:27:40,346 [WARN] PackLoader:240 - Cannot read IP mode file for STMicroelectronics.X-CUBE-NFC7.1.0.1
2023-07-13 22:27:40,350 [WARN] PackLoader:240 - Cannot read IP mode file for STMicroelectronics.X-CUBE-NFC7.1.0.0
2023-07-13 22:27:40,357 [WARN] PackLoader:240 - Cannot read IP mode file for STMicroelectronics.X-CUBE-SUBG2.4.2.0
2023-07-13 22:27:40,375 [WARN] PackLoader:240 - Cannot read IP mode file for STMicroelectronics.X-CUBE-EEPRMA1.4.1.0
2023-07-13 22:27:40,389 [INFO] LogOutputStream:77 - [STDOUT_REDIRECT] 1 : Invalid condition id : UX_CORESTACK_Condition cause : null
2023-07-13 22:27:40,391 [INFO] LogOutputStream:77 - [STDOUT_REDIRECT] 1 : Invalid condition id : UX_CORESTACK_Condition cause : null
2023-07-13 22:27:40,391 [INFO] LogOutputStream:77 - [STDOUT_REDIRECT] 1 : Invalid condition id : UX_CORESTACK_Condition cause : null
2023-07-13 22:27:40,392 [INFO] LogOutputStream:77 - [STDOUT_REDIRECT] 1 : Invalid condition id : UX_CORESTACK_Condition cause : null
2023-07-13 22:27:40,394 [INFO] LogOutputStream:77 - [STDOUT_REDIRECT] 1 : Invalid condition id : UX_CORESTACK_Condition cause : null
2023-07-13 22:27:40,397 [WARN] PackLoader:240 - Cannot read IP mode file for STMicroelectronics.X-CUBE-AZRTOS-WL.2.0.0
2023-07-13 22:27:40,411 [WARN] PackLoader:240 - Cannot read IP mode file for STMicroelectronics.X-CUBE-AZRTOS-G0.1.0.0
2023-07-13 22:27:40,427 [WARN] ConditionMgr:438 - getConditionDescription Invalid condition id : LAN8742 Phy interface Condition cause : null
2023-07-13 22:27:40,428 [WARN] PackLoader:240 - Cannot read IP mode file for STMicroelectronics.X-CUBE-AZRTOS-L4.2.0.0
2023-07-13 22:27:40,429 [WARN] ConditionMgr:1039 - genDependencies : Invalid condition id : LAN8742 Phy interface Condition cause : null
2023-07-13 22:27:40,430 [WARN] ConditionMgr:1039 - genDependencies : Invalid condition id : LAN8742 Phy interface Condition cause : null
2023-07-13 22:27:40,430 [WARN] ConditionMgr:1039 - genDependencies : Invalid condition id : LAN8742 Phy interface Condition cause : null
2023-07-13 22:27:40,440 [WARN] PackLoader:240 - Cannot read IP mode file for WES.I-CUBE-Cesium.1.3.0
2023-07-13 22:27:40,447 [WARN] PackLoader:240 - Cannot read IP mode file for STMicroelectronics.X-CUBE-SFXS2LP1.4.0.0
2023-07-13 22:27:40,452 [WARN] PackLoader:240 - Cannot read IP mode file for STMicroelectronics.X-CUBE-BLE2.3.3.0
2023-07-13 22:27:40,456 [WARN] PackLoader:240 - Cannot read IP mode file for STMicroelectronics.X-CUBE-DISPLAY.2.2.0
2023-07-13 22:27:40,462 [WARN] PackLoader:240 - Cannot read IP mode file for STMicroelectronics.X-CUBE-ISPU.1.1.0
2023-07-13 22:27:40,470 [WARN] PackLoader:240 - Cannot read IP mode file for RoweBots.I-CUBE-UNISONRTOS.5.5.0-4
2023-07-13 22:27:40,483 [WARN] PackLoader:240 - Cannot read IP mode file for STMicroelectronics.X-CUBE-AZRTOS-H7.2.1.0
2023-07-13 22:27:40,491 [WARN] PackLoader:240 - Cannot read IP mode file for STMicroelectronics.X-CUBE-FREERTOS.1.0.1
2023-07-13 22:27:40,500 [WARN] PackLoader:240 - Cannot read IP mode file for STMicroelectronics.X-CUBE-ALGOBUILD.1.3.0
2023-07-13 22:27:40,511 [WARN] PackLoader:240 - Cannot read IP mode file for STMicroelectronics.X-CUBE-AZRTOS-L5.1.1.0
2023-07-13 22:27:40,522 [WARN] PackLoader:240 - Cannot read IP mode file for STMicroelectronics.X-CUBE-AZRTOS-G0.1.1.0
2023-07-13 22:27:40,527 [WARN] PackLoader:240 - Cannot read IP mode file for STMicroelectronics.X-CUBE-AI.8.0.1
2023-07-13 22:27:40,537 [WARN] PackLoader:240 - Cannot read IP mode file for STMicroelectronics.X-CUBE-SUBG2.5.0.0
2023-07-13 22:27:40,545 [WARN] PackLoader:240 - Cannot read IP mode file for STMicroelectronics.X-CUBE-NFC4.3.0.0
2023-07-13 22:27:40,577 [WARN] PackLoader:240 - Cannot read IP mode file for SEGGER.I-CUBE-embOS.1.2.0
2023-07-13 22:27:40,602 [WARN] PackLoader:240 - Cannot read IP mode file for STMicroelectronics.X-CUBE-DISPLAY.2.1.0
2023-07-13 22:27:40,612 [WARN] PackLoader:240 - Cannot read IP mode file for STMicroelectronics.X-CUBE-AZRTOS-G4.2.0.0
2023-07-13 22:27:40,619 [WARN] PackLoader:240 - Cannot read IP mode file for STMicroelectronics.X-CUBE-TOF1.3.3.0
2023-07-13 22:27:40,638 [WARN] PackLoader:240 - Cannot read IP mode file for STMicroelectronics.X-CUBE-AZRTOS-H7.2.0.0
2023-07-13 22:27:40,647 [WARN] PackLoader:240 - Cannot read IP mode file for STMicroelectronics.X-CUBE-AZRTOS-G4.1.0.0
2023-07-13 22:27:40,652 [WARN] PackLoader:240 - Cannot read IP mode file for STMicroelectronics.FP-ATR-SIGFOX1.3.2.0
2023-07-13 22:27:40,661 [WARN] PackLoader:240 - Cannot read IP mode file for STMicroelectronics.X-CUBE-AZRTOS-L4.1.0.0
2023-07-13 22:27:40,668 [WARN] PackLoader:240 - Cannot read IP mode file for emotas.I-CUBE-CANOPEN.1.1.2
2023-07-13 22:27:40,679 [WARN] PackLoader:240 - Cannot read IP mode file for STMicroelectronics.X-CUBE-AZRTOS-F7.1.0.0
2023-07-13 22:27:40,688 [WARN] PackLoader:240 - Cannot read IP mode file for STMicroelectronics.X-CUBE-AZRTOS-WL.1.0.0
2023-07-13 22:27:40,714 [WARN] PackLoader:240 - Cannot read IP mode file for STMicroelectronics.X-CUBE-MEMS1.9.1.0
2023-07-13 22:27:40,787 [WARN] PackLoader:240 - Cannot read IP mode file for portGmbH.I-Cube-SoM-uGOAL.1.1.0
2023-07-13 22:27:40,790 [WARN] PackLoader:240 - Cannot read IP mode file for STMicroelectronics.X-CUBE-ALS.1.0.1
2023-07-13 22:27:40,799 [WARN] PackLoader:240 - Cannot read IP mode file for STMicroelectronics.X-CUBE-AZRTOS-WB.1.1.0
2023-07-13 22:27:40,813 [WARN] PackLoader:240 - Cannot read IP mode file for SEGGER.I-CUBE-embOS.1.3.1
2023-07-13 22:27:40,854 [WARN] PackLoader:240 - Cannot read IP mode file for STMicroelectronics.X-CUBE-AZRTOS-L5.1.0.0
2023-07-13 22:27:40,860 [WARN] PackLoader:240 - Cannot read IP mode file for STMicroelectronics.X-CUBE-EEPRMA1.3.1.1
2023-07-13 22:27:40,866 [WARN] PackLoader:240 - Cannot read IP mode file for STMicroelectronics.X-CUBE-GNSS1.5.2.0
2023-07-13 22:27:40,872 [WARN] PackLoader:240 - Cannot read IP mode file for STMicroelectronics.FP-ATR-ASTRA1.2.0.0
2023-07-13 22:27:40,877 [WARN] PackLoader:240 - Cannot read IP mode file for STMicroelectronics.X-CUBE-DISPLAY.2.0.1
2023-07-13 22:27:40,882 [WARN] PackLoader:240 - Cannot read IP mode file for STMicroelectronics.X-CUBE-TOF1.3.0.0
2023-07-13 22:27:40,884 [INFO] ThirdParty:978 - Integrity check success = true
2023-07-13 22:27:40,884 [INFO] IntegrityCheckThread:100 - exiting critical section [integrity check]
2023-07-13 22:27:40,884 [INFO] IntegrityCheckThread:103 - End integrity checks thread
2023-07-13 22:27:48,043 [ERROR] LogOutputStream:75 - [STDERR_REDIRECT] 
